\BOOKMARK [-1][-]{part.1}{\376\377\000I\000\040\000C\000o\000u\000r\000s\000e\000r\000a\000\040\000S\000t\000a\000n\000f\000o\000r\000d\000\040\000C\000r\000y\000p\000t\000o\000g\000r\000a\000p\000h\000y\000\040\000I}{}% 1
\BOOKMARK [0][-]{chapter.1}{\376\377\000I\000n\000t\000r\000o\000d\000u\000c\000t\000i\000o\000n}{part.1}% 2
\BOOKMARK [1][-]{section.1.1}{\376\377\000G\000o\000a\000l\000s\000\040\000o\000f\000\040\000C\000r\000y\000p\000t\000o}{chapter.1}% 3
\BOOKMARK [1][-]{section.1.2}{\376\377\000S\000o\000m\000e\000\040\000H\000i\000s\000t\000o\000r\000i\000c\000\040\000E\000x\000a\000m\000p\000l\000e\000s}{chapter.1}% 4
\BOOKMARK [2][-]{subsection.1.2.1}{\376\377\000S\000u\000b\000s\000t\000i\000t\000u\000t\000i\000o\000n\000\040\000C\000i\000p\000h\000e\000r\000:\000\040\000C\000a\000e\000s\000a\000r\000\040\000C\000i\000p\000h\000e\000r}{section.1.2}% 5
\BOOKMARK [2][-]{subsection.1.2.2}{\376\377\000V\000i\000g\000e\000n\000e\000r\000\040\000C\000i\000p\000h\000e\000r}{section.1.2}% 6
\BOOKMARK [1][-]{section.1.3}{\376\377\000I\000n\000t\000r\000o\000d\000u\000c\000t\000i\000o\000n\000\040\000o\000f\000\040\000D\000i\000s\000c\000r\000e\000t\000e\000\040\000P\000r\000o\000b\000a\000b\000i\000l\000i\000t\000y}{chapter.1}% 7
\BOOKMARK [2][-]{subsection.1.3.1}{\376\377\000R\000a\000n\000d\000o\000m\000i\000z\000e\000d\000\040\000A\000l\000g\000o\000r\000i\000t\000h\000m\000s}{section.1.3}% 8
\BOOKMARK [2][-]{subsection.1.3.2}{\376\377\000A\000n\000\040\000I\000m\000p\000o\000r\000t\000a\000n\000t\000\040\000P\000r\000o\000p\000e\000r\000t\000y\000\040\000o\000f\000\040\000X\000O\000R}{section.1.3}% 9
\BOOKMARK [2][-]{subsection.1.3.3}{\376\377\000T\000h\000e\000\040\000B\000i\000r\000t\000h\000d\000a\000y\000\040\000P\000a\000r\000a\000d\000o\000x}{section.1.3}% 10
\BOOKMARK [1][-]{section.1.4}{\376\377\000S\000e\000m\000a\000n\000t\000i\000c\000\040\000S\000e\000c\000u\000r\000i\000t\000y}{chapter.1}% 11
\BOOKMARK [0][-]{chapter.2}{\376\377\000S\000t\000r\000e\000a\000m\000\040\000C\000i\000p\000h\000e\000r}{part.1}% 12
\BOOKMARK [1][-]{section.2.1}{\376\377\000I\000n\000f\000o\000r\000m\000a\000t\000i\000o\000n\000\040\000T\000h\000e\000o\000r\000e\000t\000i\000c\000\040\000S\000e\000c\000u\000r\000i\000t\000y\000\040\000a\000n\000d\000\040\000T\000h\000e\000\040\000O\000n\000e\000\040\000T\000i\000m\000e\000\040\000P\000a\000d}{chapter.2}% 13
\BOOKMARK [2][-]{subsection.2.1.1}{\376\377\000S\000y\000m\000m\000e\000t\000r\000i\000c\000\040\000C\000i\000p\000h\000e\000r\000s}{section.2.1}% 14
\BOOKMARK [2][-]{subsection.2.1.2}{\376\377\000P\000e\000r\000f\000e\000c\000t\000\040\000S\000e\000c\000u\000r\000i\000t\000y}{section.2.1}% 15
\BOOKMARK [2][-]{subsection.2.1.3}{\376\377\000T\000h\000e\000\040\000O\000n\000e\000-\000T\000i\000m\000e\000\040\000P\000a\000d\000:\000\040\000V\000e\000r\000n\000a\000m\000\040\000C\000i\000p\000h\000e\000r}{section.2.1}% 16
\BOOKMARK [1][-]{section.2.2}{\376\377\000P\000s\000e\000u\000d\000o\000\040\000R\000a\000n\000d\000o\000m\000\040\000G\000e\000n\000e\000r\000a\000t\000o\000r\000s}{chapter.2}% 17
\BOOKMARK [2][-]{subsection.2.2.1}{\376\377\000S\000e\000c\000u\000r\000i\000t\000y\000\040\000o\000f\000\040\000R\000P\000G}{section.2.2}% 18
\BOOKMARK [1][-]{section.2.3}{\376\377\000S\000t\000r\000e\000a\000m\000\040\000C\000i\000p\000h\000e\000r\000s\000:\000\040\000E\000n\000c\000r\000p\000y\000t\000i\000o\000n\000\040\000w\000i\000t\000h\000\040\000a\000\040\000P\000R\000G}{chapter.2}% 19
\BOOKMARK [1][-]{section.2.4}{\376\377\000A\000t\000t\000a\000c\000k\000s\000\040\000o\000n\000\040\000S\000t\000r\000e\000a\000m\000\040\000C\000i\000p\000h\000e\000r\000s\000\040\000a\000n\000d\000\040\000T\000h\000e\000\040\000O\000n\000e\000\040\000T\000i\000m\000e\000\040\000P\000a\000d}{chapter.2}% 20
\BOOKMARK [1][-]{section.2.5}{\376\377\000R\000e\000a\000l\000-\000W\000o\000r\000l\000d\000\040\000S\000t\000r\000e\000a\000m\000\040\000C\000i\000p\000h\000e\000r\000s}{chapter.2}% 21
\BOOKMARK [2][-]{subsection.2.5.1}{\376\377\000O\000l\000d\000\040\000E\000x\000a\000m\000p\000l\000e\000:\000\040\000C\000S\000S}{section.2.5}% 22
\BOOKMARK [2][-]{subsection.2.5.2}{\376\377\000M\000o\000d\000e\000r\000n\000\040\000E\000x\000a\000m\000p\000l\000e\000:\000\040\000e\000S\000t\000r\000e\000a\000m\000:\000\040\000S\000a\000l\000s\000a\0002\0000}{section.2.5}% 23
\BOOKMARK [1][-]{section.2.6}{\376\377\000S\000e\000c\000u\000r\000i\000t\000y\000\040\000A\000n\000a\000l\000y\000s\000i\000s\000\040\000o\000f\000\040\000S\000t\000r\000e\000a\000m\000\040\000C\000i\000p\000h\000e\000r\000s}{chapter.2}% 24
\BOOKMARK [2][-]{subsection.2.6.1}{\376\377\000S\000e\000m\000a\000n\000t\000i\000c\000\040\000S\000e\000c\000u\000r\000i\000t\000y\000\040\000f\000o\000r\000\040\000O\000n\000e\000-\000T\000i\000m\000e\000\040\000P\000a\000d}{section.2.6}% 25
\BOOKMARK [2][-]{subsection.2.6.2}{\376\377\000S\000t\000r\000e\000a\000m\000\040\000C\000i\000p\000h\000e\000r\000s\000\040\000a\000r\000e\000\040\000S\000e\000m\000a\000n\000t\000i\000c\000a\000l\000l\000y\000\040\000S\000e\000c\000u\000r\000e}{section.2.6}% 26
\BOOKMARK [1][-]{section.2.7}{\376\377\000S\000u\000m\000m\000a\000r\000y}{chapter.2}% 27
\BOOKMARK [0][-]{chapter.3}{\376\377\000B\000l\000o\000c\000k\000\040\000C\000i\000p\000h\000e\000r}{part.1}% 28
\BOOKMARK [1][-]{section.3.1}{\376\377\000P\000R\000P\000s\000\040\000a\000n\000d\000\040\000P\000R\000F\000s}{chapter.3}% 29
\BOOKMARK [2][-]{subsection.3.1.1}{\376\377\000S\000e\000c\000u\000r\000e\000\040\000P\000R\000F\000s\000\040\000a\000n\000d\000\040\000S\000e\000c\000u\000r\000e\000\040\000P\000R\000P\000s}{section.3.1}% 30
\BOOKMARK [2][-]{subsection.3.1.2}{\376\377\000C\000o\000n\000s\000t\000r\000u\000c\000t\000i\000n\000g\000\040\000P\000R\000G\000s\000\040\000f\000r\000o\000m\000\040\000P\000R\000F\000s}{section.3.1}% 31
\BOOKMARK [2][-]{subsection.3.1.3}{\376\377\000C\000o\000n\000s\000t\000r\000u\000c\000t\000i\000n\000g\000\040\000P\000R\000F\000s\000\040\000f\000r\000o\000m\000\040\000P\000R\000G\000s}{section.3.1}% 32
\BOOKMARK [1][-]{section.3.2}{\376\377\000B\000l\000o\000c\000k\000\040\000C\000i\000p\000h\000e\000r\000s}{chapter.3}% 33
\BOOKMARK [2][-]{subsection.3.2.1}{\376\377\000T\000h\000e\000\040\000D\000a\000t\000a\000\040\000E\000n\000c\000r\000y\000p\000t\000i\000o\000n\000\040\000S\000t\000a\000n\000d\000a\000r\000d\000\040\000\050\000D\000E\000S\000\051}{section.3.2}% 34
\BOOKMARK [2][-]{subsection.3.2.2}{\376\377\000D\000E\000S\000\040\000R\000o\000u\000n\000d\000\040\000F\000u\000n\000c\000t\000i\000o\000n}{section.3.2}% 35
\BOOKMARK [2][-]{subsection.3.2.3}{\376\377\000A\000E\000S}{section.3.2}% 36
\BOOKMARK [1][-]{section.3.3}{\376\377\000S\000e\000c\000u\000r\000i\000t\000y\000\040\000o\000f\000\040\000B\000l\000o\000c\000k\000\040\000C\000i\000p\000h\000e\000r\000s}{chapter.3}% 37
\BOOKMARK [2][-]{subsection.3.3.1}{\376\377\000E\000x\000h\000a\000u\000s\000t\000i\000v\000e\000\040\000S\000e\000a\000r\000c\000h\000\040\000A\000t\000t\000a\000c\000k\000s}{section.3.3}% 38
\BOOKMARK [2][-]{subsection.3.3.2}{\376\377\000S\000e\000m\000a\000n\000t\000i\000c\000\040\000S\000e\000c\000u\000r\000i\000t\000y\000\040\000f\000o\000r\000\040\000M\000a\000n\000y\000-\000T\000i\000m\000e\000\040\000K\000e\000y}{section.3.3}% 39
\BOOKMARK [2][-]{subsection.3.3.3}{\376\377\000M\000o\000r\000e\000\040\000A\000t\000t\000a\000c\000k\000s\000\040\000o\000n\000\040\000B\000l\000o\000c\000k\000\040\000C\000i\000p\000h\000e\000r\000s}{section.3.3}% 40
\BOOKMARK [2][-]{subsection.3.3.4}{\376\377\000M\000o\000d\000e\000s\000\040\000o\000f\000\040\000O\000p\000e\000r\000a\000t\000i\000o\000n\000s}{section.3.3}% 41
\BOOKMARK [2][-]{subsection.3.3.5}{\376\377\000E\000C\000B\000:\000\040\000A\000n\000\040\000I\000n\000c\000o\000r\000r\000e\000c\000t\000\040\000U\000s\000e\000\040\000o\000f\000\040\000a\000\040\000P\000R\000P}{section.3.3}% 42
\BOOKMARK [2][-]{subsection.3.3.6}{\376\377\000C\000B\000C\000\040\000w\000i\000t\000h\000\040\000r\000a\000n\000d\000o\000m\000\040\000I\000V}{section.3.3}% 43
\BOOKMARK [2][-]{subsection.3.3.7}{\376\377\000R\000a\000n\000d\000o\000m\000\040\000C\000o\000u\000n\000t\000e\000r\000\050\000c\000t\000r\000\051\000\040\000M\000o\000d\000e}{section.3.3}% 44
\BOOKMARK [1][-]{section.3.4}{\376\377\000S\000u\000m\000m\000a\000r\000y}{chapter.3}% 45
\BOOKMARK [0][-]{chapter.4}{\376\377\000I\000n\000t\000e\000g\000r\000i\000t\000y}{part.1}% 46
\BOOKMARK [1][-]{section.4.1}{\376\377\000M\000e\000s\000s\000a\000g\000e\000\040\000I\000n\000t\000e\000g\000r\000i\000t\000y}{chapter.4}% 47
\BOOKMARK [2][-]{subsection.4.1.1}{\376\377\000M\000A\000C\000s}{section.4.1}% 48
\BOOKMARK [2][-]{subsection.4.1.2}{\376\377\000S\000e\000c\000u\000r\000e\000\040\000M\000A\000C}{section.4.1}% 49
\BOOKMARK [1][-]{section.4.2}{\376\377\000C\000o\000l\000l\000i\000s\000i\000o\000n\000\040\000R\000e\000s\000i\000s\000t\000a\000n\000c\000e}{chapter.4}% 50
\BOOKMARK [2][-]{subsection.4.2.1}{\376\377\000I\000n\000t\000r\000o\000d\000u\000c\000t\000i\000o\000n}{section.4.2}% 51
\BOOKMARK [2][-]{subsection.4.2.2}{\376\377\000G\000e\000n\000e\000r\000i\000c\000\040\000B\000i\000r\000t\000h\000d\000a\000y\000\040\000A\000t\000t\000a\000c\000k}{section.4.2}% 52
\BOOKMARK [1][-]{section.4.3}{\376\377\000C\000o\000n\000s\000t\000r\000u\000c\000t\000i\000o\000n\000\040\000o\000f\000\040\000C\000o\000l\000l\000i\000s\000i\000o\000n\000\040\000R\000e\000s\000i\000s\000t\000a\000n\000c\000e}{chapter.4}% 53
\BOOKMARK [2][-]{subsection.4.3.1}{\376\377\000T\000h\000e\000\040\000M\000e\000r\000k\000l\000e\000-\000D\000a\000m\000a\000g\000a\000r\000d\000\040\000P\000a\000r\000a\000d\000i\000g\000m}{section.4.3}% 54
\BOOKMARK [2][-]{subsection.4.3.2}{\376\377\000C\000o\000n\000s\000t\000r\000u\000c\000t\000i\000n\000g\000\040\000C\000o\000m\000p\000r\000e\000s\000s\000i\000o\000n\000\040\000F\000u\000n\000c\000t\000i\000o\000n\000s}{section.4.3}% 55
\BOOKMARK [1][-]{section.4.4}{\376\377\000M\000A\000C\000s\000\040\000b\000a\000s\000e\000d\000\040\000o\000n\000\040\000P\000R\000F\000s}{chapter.4}% 56
\BOOKMARK [2][-]{subsection.4.4.1}{\376\377\000E\000C\000B\000C\000-\000M\000A\000C}{section.4.4}% 57
\BOOKMARK [2][-]{subsection.4.4.2}{\376\377\000N\000M\000A\000C}{section.4.4}% 58
\BOOKMARK [2][-]{subsection.4.4.3}{\376\377\000S\000e\000c\000u\000r\000i\000t\000y\000\040\000A\000n\000a\000l\000y\000s\000i\000s\000\040\000o\000f\000\040\000E\000C\000B\000C\000-\000M\000A\000C\000\040\000a\000n\000d\000\040\000N\000M\000A\000C}{section.4.4}% 59
\BOOKMARK [2][-]{subsection.4.4.4}{\376\377\000P\000M\000A\000C}{section.4.4}% 60
\BOOKMARK [2][-]{subsection.4.4.5}{\376\377\000C\000a\000r\000t\000e\000r\000-\000W\000e\000g\000m\000a\000n\000\040\000M\000A\000C}{section.4.4}% 61
\BOOKMARK [1][-]{section.4.5}{\376\377\000M\000A\000C\000s\000\040\000f\000r\000o\000m\000\040\000C\000o\000l\000l\000i\000s\000i\000o\000n\000\040\000R\000e\000s\000i\000s\000t\000a\000n\000c\000e}{chapter.4}% 62
\BOOKMARK [2][-]{subsection.4.5.1}{\376\377\000H\000M\000A\000C}{section.4.5}% 63
\BOOKMARK [1][-]{section.4.6}{\376\377\000T\000i\000m\000i\000n\000g\000\040\000A\000t\000t\000a\000c\000k\000s\000\040\000o\000n\000\040\000M\000A\000C\000\040\000V\000e\000r\000i\000f\000i\000c\000a\000t\000i\000o\000n}{chapter.4}% 64
\BOOKMARK [1][-]{section.4.7}{\376\377\000S\000u\000m\000m\000a\000r\000y}{chapter.4}% 65
\BOOKMARK [0][-]{chapter.5}{\376\377\000A\000u\000t\000h\000e\000n\000t\000i\000c\000a\000t\000e\000d\000\040\000E\000n\000c\000r\000y\000p\000t\000i\000o\000n}{part.1}% 66
\BOOKMARK [1][-]{section.5.1}{\376\377\000P\000a\000s\000s\000i\000v\000e\000\040\000A\000t\000t\000a\000c\000k\000\040\000a\000n\000d\000\040\000A\000c\000t\000i\000v\000e\000\040\000A\000t\000t\000a\000c\000k}{chapter.5}% 67
\BOOKMARK [1][-]{section.5.2}{\376\377\000C\000h\000o\000s\000e\000n\000\040\000C\000i\000p\000h\000e\000r\000t\000e\000x\000t\000\040\000A\000t\000t\000a\000c\000k\000s}{chapter.5}% 68
\BOOKMARK [1][-]{section.5.3}{\376\377\000C\000i\000p\000h\000e\000t\000e\000x\000t\000\040\000I\000n\000t\000e\000g\000r\000i\000t\000y}{chapter.5}% 69
\BOOKMARK [1][-]{section.5.4}{\376\377\000A\000u\000t\000h\000e\000n\000t\000i\000c\000a\000t\000e\000d\000\040\000E\000n\000c\000r\000y\000p\000t\000i\000o\000n}{chapter.5}% 70
\BOOKMARK [2][-]{subsection.5.4.1}{\376\377\000C\000o\000n\000c\000e\000p\000t\000i\000o\000n\000s}{section.5.4}% 71
\BOOKMARK [2][-]{subsection.5.4.2}{\376\377\000S\000e\000c\000u\000r\000i\000t\000y\000\040\000A\000n\000a\000l\000y\000s\000i\000s}{section.5.4}% 72
\BOOKMARK [2][-]{subsection.5.4.3}{\376\377\000C\000o\000n\000s\000t\000r\000u\000c\000t\000i\000o\000n\000s\000\040\000f\000r\000o\000m\000\040\000C\000i\000p\000h\000e\000r\000s\000\040\000a\000n\000d\000\040\000M\000A\000C\000s}{section.5.4}% 73
\BOOKMARK [2][-]{subsection.5.4.4}{\376\377\000S\000e\000c\000u\000r\000i\000t\000y\000\040\000A\000n\000a\000l\000y\000s\000i\000s}{section.5.4}% 74
\BOOKMARK [2][-]{subsection.5.4.5}{\376\377\000D\000i\000r\000e\000c\000t\000\040\000C\000o\000n\000s\000t\000r\000u\000c\000t\000i\000o\000n\000\040\000f\000r\000o\000m\000\040\000P\000R\000P\000:\000\040\000O\000C\000B}{section.5.4}% 75
\BOOKMARK [2][-]{subsection.5.4.6}{\376\377\000C\000B\000C\000\040\000p\000a\000d\000d\000i\000n\000g\000\040\000a\000t\000t\000a\000c\000k\000s}{section.5.4}% 76
\BOOKMARK [1][-]{section.5.5}{\376\377\000S\000u\000m\000m\000a\000r\000y}{chapter.5}% 77
\BOOKMARK [0][-]{chapter.6}{\376\377\000O\000t\000h\000e\000r\000\040\000T\000h\000i\000n\000g\000\040\000o\000f\000\040\000S\000y\000m\000m\000e\000t\000r\000i\000c\000\040\000E\000n\000c\000r\000y\000p\000t\000i\000o\000n}{part.1}% 78
\BOOKMARK [1][-]{section.6.1}{\376\377\000K\000e\000y\000\040\000D\000e\000r\000i\000v\000a\000t\000i\000o\000n}{chapter.6}% 79
\BOOKMARK [2][-]{subsection.6.1.1}{\376\377\000M\000o\000t\000i\000v\000a\000t\000i\000o\000n}{section.6.1}% 80
\BOOKMARK [2][-]{subsection.6.1.2}{\376\377\000C\000a\000s\000e\000\040\0001\000:\000\040\000S\000o\000u\000r\000c\000e\000\040\000K\000e\000y\000\040\000i\000s\000\040\000U\000n\000i\000f\000o\000r\000m}{section.6.1}% 81
\BOOKMARK [2][-]{subsection.6.1.3}{\376\377\000C\000a\000s\000e\000\040\0002\000:\000\040\000S\000o\000u\000r\000c\000e\000\040\000K\000e\000y\000\040\000i\000s\000\040\000n\000o\000t\000\040\000U\000n\000i\000f\000o\000r\000m}{section.6.1}% 82
\BOOKMARK [1][-]{section.6.2}{\376\377\000D\000e\000t\000e\000r\000m\000i\000n\000i\000s\000t\000i\000c\000\040\000E\000n\000c\000r\000y\000p\000t\000i\000o\000n}{chapter.6}% 83
\BOOKMARK [2][-]{subsection.6.2.1}{\376\377\000D\000e\000t\000e\000r\000m\000i\000n\000i\000s\000t\000i\000c\000\040\000C\000P\000A\000\040\000S\000e\000c\000u\000r\000i\000t\000y}{section.6.2}% 84
\BOOKMARK [1][-]{section.6.3}{\376\377\000T\000w\000e\000a\000k\000a\000b\000l\000e\000\040\000E\000n\000c\000r\000y\000p\000t\000i\000o\000n}{chapter.6}% 85
\BOOKMARK [1][-]{section.6.4}{\376\377\000F\000o\000r\000m\000a\000t\000\040\000P\000r\000e\000s\000e\000r\000v\000i\000n\000g\000\040\000E\000n\000c\000r\000y\000p\000t\000i\000o\000n}{chapter.6}% 86
\BOOKMARK [0][-]{chapter.7}{\376\377\000B\000a\000s\000i\000c\000\040\000K\000e\000y\000\040\000E\000x\000c\000h\000a\000n\000g\000e}{part.1}% 87
\BOOKMARK [1][-]{section.7.1}{\376\377\000T\000r\000u\000s\000t\000e\000d\000\040\0003\000r\000d\000\040\000P\000a\000r\000t\000i\000e\000s}{chapter.7}% 88
\BOOKMARK [1][-]{section.7.2}{}{chapter.7}% 89
\BOOKMARK [2][-]{subsection.7.2.1}{\376\377\000M\000e\000r\000k\000l\000e\000\040\000P\000u\000z\000z\000l\000e\000s}{section.7.2}% 90
\BOOKMARK [2][-]{subsection.7.2.2}{\376\377\000T\000h\000e\000\040\000D\000i\000f\000f\000i\000e\000-\000H\000e\000l\000l\000m\000a\000n\000\040\000P\000r\000o\000t\000o\000c\000o\000l}{section.7.2}% 91
\BOOKMARK [2][-]{subsection.7.2.3}{\376\377\000P\000u\000b\000l\000i\000c\000-\000K\000e\000y\000\040\000E\000n\000c\000r\000y\000p\000t\000i\000o\000n}{section.7.2}% 92
\BOOKMARK [1][-]{section.7.3}{\376\377\000M\000o\000d\000u\000l\000a\000r\000\040\000A\000r\000i\000t\000h\000m\000e\000t\000i\000c}{chapter.7}% 93
\BOOKMARK [1][-]{section.7.4}{\376\377\000E\000a\000s\000y\000\040\000a\000n\000d\000\040\000H\000a\000r\000d\000\040\000P\000r\000o\000b\000l\000e\000m\000s}{chapter.7}% 94
